nohup: 忽略输入
Can not use cuDNN on context None: cannot compile with cuDNN. We got this error:
b'/tmp/try_flags_nu8vtp48.c:4:10: fatal error: cudnn.h: No such file or directory\n #include <cudnn.h>\n          ^~~~~~~~~\ncompilation terminated.\n'
Mapped name None to device cuda: GeForce GTX 1080 Ti (0000:01:00.0)
2020-08-16 21:32:50 (DTransE) [INFO] N_e: 40943
2020-08-16 21:32:50 (DTransE) [INFO] N_r: 18
2020-08-16 21:32:50 (DTransE) [INFO] N_t: 141442
2020-08-16 21:32:51 (DTransE) [INFO] Max iter: 1000
2020-08-16 21:32:51 (DTransE) [INFO] Generated negatives ratio: 1
2020-08-16 21:32:51 (DTransE) [INFO] Batch size: 1414
2020-08-16 21:32:51 (DTransE) [INFO] Learning rate: 0.02
2020-08-16 21:32:51 (DTransE) [INFO] emb_size: 200
2020-08-16 21:32:51 (DTransE) [INFO] Margin: 2
2020-08-16 21:32:51 (DTransE) [INFO] miuA: 0.5
2020-08-16 21:32:51 (DTransE) [INFO] miuB: 0.5
2020-08-16 21:32:51 (DTransE) [INFO] lambda_A: 0.4
2020-08-16 21:32:51 (DTransE) [INFO] lambda_B: 0.2
2020-08-16 21:32:51 (DTransE) [INFO] Starting grid search on: DTransE_2L_Model
train: 100 mini-batches from callable
downhill: compiling evaluation function
downhill: compiling ADAGRAD optimizer
downhill: setting: rms_regularizer = 1e-08
downhill: setting: patience = 9999999
downhill: setting: validate_every = 9999999
downhill: setting: min_improvement = 0
downhill: setting: max_gradient_norm = 1
downhill: setting: max_gradient_elem = 0
downhill: setting: learning_rate = TensorConstant{0.02}
downhill: setting: momentum = 0
downhill: setting: nesterov = False
downhill: validation 0 loss=2.008858 grad(w1)=0.000140 grad(r)=0.009832 grad(w2)=0.000041 grad(e)=0.029748 *
downhill: ADAGRAD 1 loss=1.525869 grad(w1)=0.000117 grad(r)=0.010144 grad(w2)=0.000060 grad(e)=0.028417
2020-08-16 21:33:19 (DTransE) [INFO] Validation metrics:
2020-08-16 21:33:19 (DTransE) [INFO] Fast MRs
2020-08-16 21:47:37 (DTransE) [INFO] Model		MR	RMR	RHit@10	Hit@10	rank	lmbda
2020-08-16 21:47:37 (DTransE) [INFO] DTransE_2L_Model	9656	9667	0.097	0.098	200	2.000000
downhill: ADAGRAD 2 loss=1.058746 grad(w1)=0.000100 grad(r)=0.010266 grad(w2)=0.000052 grad(e)=0.026819
downhill: ADAGRAD 3 loss=0.819857 grad(w1)=0.000091 grad(r)=0.010330 grad(w2)=0.000041 grad(e)=0.025569
downhill: ADAGRAD 4 loss=0.662457 grad(w1)=0.000083 grad(r)=0.009931 grad(w2)=0.000034 grad(e)=0.024126
downhill: ADAGRAD 5 loss=0.552602 grad(w1)=0.000077 grad(r)=0.009576 grad(w2)=0.000030 grad(e)=0.022725
downhill: ADAGRAD 6 loss=0.468459 grad(w1)=0.000071 grad(r)=0.009119 grad(w2)=0.000026 grad(e)=0.021488
downhill: ADAGRAD 7 loss=0.403971 grad(w1)=0.000066 grad(r)=0.008622 grad(w2)=0.000022 grad(e)=0.020235
downhill: ADAGRAD 8 loss=0.350926 grad(w1)=0.000062 grad(r)=0.008112 grad(w2)=0.000020 grad(e)=0.019061
downhill: ADAGRAD 9 loss=0.306572 grad(w1)=0.000057 grad(r)=0.007695 grad(w2)=0.000018 grad(e)=0.017994
downhill: ADAGRAD 10 loss=0.268801 grad(w1)=0.000054 grad(r)=0.007169 grad(w2)=0.000016 grad(e)=0.016938
downhill: ADAGRAD 11 loss=0.241269 grad(w1)=0.000051 grad(r)=0.006846 grad(w2)=0.000015 grad(e)=0.016132
downhill: ADAGRAD 12 loss=0.216155 grad(w1)=0.000048 grad(r)=0.006524 grad(w2)=0.000014 grad(e)=0.015343
downhill: ADAGRAD 13 loss=0.192685 grad(w1)=0.000045 grad(r)=0.006213 grad(w2)=0.000012 grad(e)=0.014536
downhill: ADAGRAD 14 loss=0.177029 grad(w1)=0.000043 grad(r)=0.005983 grad(w2)=0.000011 grad(e)=0.013936
downhill: ADAGRAD 15 loss=0.158360 grad(w1)=0.000040 grad(r)=0.005649 grad(w2)=0.000010 grad(e)=0.013229
downhill: ADAGRAD 16 loss=0.145441 grad(w1)=0.000038 grad(r)=0.005391 grad(w2)=0.000010 grad(e)=0.012655
downhill: ADAGRAD 17 loss=0.131827 grad(w1)=0.000036 grad(r)=0.005114 grad(w2)=0.000009 grad(e)=0.012068
downhill: ADAGRAD 18 loss=0.119926 grad(w1)=0.000034 grad(r)=0.004801 grad(w2)=0.000008 grad(e)=0.011348
downhill: ADAGRAD 19 loss=0.109971 grad(w1)=0.000032 grad(r)=0.004627 grad(w2)=0.000008 grad(e)=0.010854
downhill: ADAGRAD 20 loss=0.101670 grad(w1)=0.000031 grad(r)=0.004397 grad(w2)=0.000007 grad(e)=0.010463
downhill: ADAGRAD 21 loss=0.093239 grad(w1)=0.000029 grad(r)=0.004235 grad(w2)=0.000007 grad(e)=0.009996
downhill: ADAGRAD 22 loss=0.087195 grad(w1)=0.000027 grad(r)=0.004015 grad(w2)=0.000006 grad(e)=0.009572
downhill: ADAGRAD 23 loss=0.080735 grad(w1)=0.000026 grad(r)=0.003861 grad(w2)=0.000006 grad(e)=0.009164
downhill: ADAGRAD 24 loss=0.075172 grad(w1)=0.000025 grad(r)=0.003703 grad(w2)=0.000005 grad(e)=0.008794
downhill: ADAGRAD 25 loss=0.070362 grad(w1)=0.000024 grad(r)=0.003543 grad(w2)=0.000005 grad(e)=0.008443
downhill: ADAGRAD 26 loss=0.067223 grad(w1)=0.000023 grad(r)=0.003426 grad(w2)=0.000005 grad(e)=0.008193
downhill: ADAGRAD 27 loss=0.062123 grad(w1)=0.000022 grad(r)=0.003269 grad(w2)=0.000005 grad(e)=0.007796
downhill: ADAGRAD 28 loss=0.058606 grad(w1)=0.000021 grad(r)=0.003134 grad(w2)=0.000004 grad(e)=0.007523
downhill: ADAGRAD 29 loss=0.055110 grad(w1)=0.000020 grad(r)=0.003041 grad(w2)=0.000004 grad(e)=0.007251
downhill: ADAGRAD 30 loss=0.052835 grad(w1)=0.000019 grad(r)=0.002896 grad(w2)=0.000004 grad(e)=0.006967
downhill: ADAGRAD 31 loss=0.048263 grad(w1)=0.000018 grad(r)=0.002768 grad(w2)=0.000004 grad(e)=0.006645
downhill: ADAGRAD 32 loss=0.047997 grad(w1)=0.000018 grad(r)=0.002705 grad(w2)=0.000004 grad(e)=0.006537
downhill: ADAGRAD 33 loss=0.044880 grad(w1)=0.000017 grad(r)=0.002608 grad(w2)=0.000004 grad(e)=0.006312
downhill: ADAGRAD 34 loss=0.042980 grad(w1)=0.000017 grad(r)=0.002530 grad(w2)=0.000003 grad(e)=0.006140
downhill: ADAGRAD 35 loss=0.040741 grad(w1)=0.000016 grad(r)=0.002455 grad(w2)=0.000003 grad(e)=0.005935
downhill: ADAGRAD 36 loss=0.038088 grad(w1)=0.000015 grad(r)=0.002332 grad(w2)=0.000003 grad(e)=0.005648
downhill: ADAGRAD 37 loss=0.037607 grad(w1)=0.000015 grad(r)=0.002296 grad(w2)=0.000003 grad(e)=0.005572
downhill: ADAGRAD 38 loss=0.035523 grad(w1)=0.000015 grad(r)=0.002199 grad(w2)=0.000003 grad(e)=0.005384
downhill: ADAGRAD 39 loss=0.034435 grad(w1)=0.000014 grad(r)=0.002119 grad(w2)=0.000003 grad(e)=0.005217
downhill: ADAGRAD 40 loss=0.033800 grad(w1)=0.000014 grad(r)=0.002084 grad(w2)=0.000003 grad(e)=0.005121
downhill: ADAGRAD 41 loss=0.032531 grad(w1)=0.000013 grad(r)=0.002031 grad(w2)=0.000003 grad(e)=0.004941
downhill: ADAGRAD 42 loss=0.030852 grad(w1)=0.000013 grad(r)=0.001960 grad(w2)=0.000003 grad(e)=0.004813
downhill: ADAGRAD 43 loss=0.029326 grad(w1)=0.000012 grad(r)=0.001895 grad(w2)=0.000003 grad(e)=0.004645
downhill: ADAGRAD 44 loss=0.028402 grad(w1)=0.000012 grad(r)=0.001871 grad(w2)=0.000002 grad(e)=0.004596
downhill: ADAGRAD 45 loss=0.027749 grad(w1)=0.000012 grad(r)=0.001803 grad(w2)=0.000002 grad(e)=0.004431
downhill: ADAGRAD 46 loss=0.026753 grad(w1)=0.000012 grad(r)=0.001780 grad(w2)=0.000002 grad(e)=0.004357
downhill: ADAGRAD 47 loss=0.026163 grad(w1)=0.000011 grad(r)=0.001727 grad(w2)=0.000002 grad(e)=0.004259
downhill: ADAGRAD 48 loss=0.025782 grad(w1)=0.000011 grad(r)=0.001716 grad(w2)=0.000002 grad(e)=0.004230
downhill: ADAGRAD 49 loss=0.024556 grad(w1)=0.000011 grad(r)=0.001659 grad(w2)=0.000002 grad(e)=0.004066
downhill: ADAGRAD 50 loss=0.023778 grad(w1)=0.000011 grad(r)=0.001637 grad(w2)=0.000002 grad(e)=0.004032
downhill: ADAGRAD 51 loss=0.023080 grad(w1)=0.000010 grad(r)=0.001573 grad(w2)=0.000002 grad(e)=0.003886
2020-08-16 21:52:50 (DTransE) [INFO] Validation metrics:
2020-08-16 21:52:50 (DTransE) [INFO] Fast MRs
2020-08-16 22:07:06 (DTransE) [INFO] Model		MR	RMR	RHit@10	Hit@10	rank	lmbda
2020-08-16 22:07:06 (DTransE) [INFO] DTransE_2L_Model	479	494	0.781	0.925	200	2.000000
downhill: ADAGRAD 52 loss=0.022791 grad(w1)=0.000010 grad(r)=0.001551 grad(w2)=0.000002 grad(e)=0.003833
downhill: ADAGRAD 53 loss=0.022270 grad(w1)=0.000010 grad(r)=0.001507 grad(w2)=0.000002 grad(e)=0.003740
downhill: ADAGRAD 54 loss=0.021291 grad(w1)=0.000010 grad(r)=0.001472 grad(w2)=0.000002 grad(e)=0.003635
downhill: ADAGRAD 55 loss=0.020860 grad(w1)=0.000009 grad(r)=0.001462 grad(w2)=0.000002 grad(e)=0.003601
downhill: ADAGRAD 56 loss=0.020161 grad(w1)=0.000009 grad(r)=0.001423 grad(w2)=0.000002 grad(e)=0.003525
downhill: ADAGRAD 57 loss=0.020000 grad(w1)=0.000009 grad(r)=0.001384 grad(w2)=0.000002 grad(e)=0.003448
downhill: ADAGRAD 58 loss=0.019389 grad(w1)=0.000009 grad(r)=0.001375 grad(w2)=0.000002 grad(e)=0.003403
downhill: ADAGRAD 59 loss=0.019031 grad(w1)=0.000009 grad(r)=0.001351 grad(w2)=0.000002 grad(e)=0.003320
downhill: ADAGRAD 60 loss=0.018454 grad(w1)=0.000008 grad(r)=0.001312 grad(w2)=0.000002 grad(e)=0.003237
downhill: ADAGRAD 61 loss=0.018405 grad(w1)=0.000008 grad(r)=0.001292 grad(w2)=0.000002 grad(e)=0.003202
downhill: ADAGRAD 62 loss=0.018033 grad(w1)=0.000008 grad(r)=0.001285 grad(w2)=0.000002 grad(e)=0.003182
downhill: ADAGRAD 63 loss=0.017781 grad(w1)=0.000008 grad(r)=0.001219 grad(w2)=0.000002 grad(e)=0.003043
downhill: ADAGRAD 64 loss=0.017272 grad(w1)=0.000008 grad(r)=0.001229 grad(w2)=0.000002 grad(e)=0.003048
downhill: ADAGRAD 65 loss=0.016713 grad(w1)=0.000008 grad(r)=0.001186 grad(w2)=0.000002 grad(e)=0.002963
downhill: ADAGRAD 66 loss=0.016284 grad(w1)=0.000008 grad(r)=0.001183 grad(w2)=0.000002 grad(e)=0.002941
downhill: ADAGRAD 67 loss=0.016280 grad(w1)=0.000007 grad(r)=0.001168 grad(w2)=0.000002 grad(e)=0.002900
downhill: ADAGRAD 68 loss=0.015411 grad(w1)=0.000007 grad(r)=0.001120 grad(w2)=0.000002 grad(e)=0.002794
downhill: ADAGRAD 69 loss=0.015411 grad(w1)=0.000007 grad(r)=0.001117 grad(w2)=0.000002 grad(e)=0.002783
downhill: ADAGRAD 70 loss=0.015452 grad(w1)=0.000007 grad(r)=0.001101 grad(w2)=0.000002 grad(e)=0.002760
downhill: ADAGRAD 71 loss=0.015049 grad(w1)=0.000007 grad(r)=0.001093 grad(w2)=0.000002 grad(e)=0.002725
downhill: ADAGRAD 72 loss=0.015107 grad(w1)=0.000007 grad(r)=0.001070 grad(w2)=0.000002 grad(e)=0.002713
downhill: ADAGRAD 73 loss=0.014609 grad(w1)=0.000007 grad(r)=0.001072 grad(w2)=0.000002 grad(e)=0.002683
downhill: ADAGRAD 74 loss=0.014629 grad(w1)=0.000007 grad(r)=0.001046 grad(w2)=0.000002 grad(e)=0.002599
downhill: ADAGRAD 75 loss=0.014213 grad(w1)=0.000006 grad(r)=0.001026 grad(w2)=0.000001 grad(e)=0.002558
downhill: ADAGRAD 76 loss=0.014174 grad(w1)=0.000007 grad(r)=0.001024 grad(w2)=0.000001 grad(e)=0.002566
downhill: ADAGRAD 77 loss=0.013350 grad(w1)=0.000006 grad(r)=0.000997 grad(w2)=0.000001 grad(e)=0.002482
downhill: ADAGRAD 78 loss=0.013469 grad(w1)=0.000006 grad(r)=0.000966 grad(w2)=0.000001 grad(e)=0.002428
downhill: ADAGRAD 79 loss=0.013459 grad(w1)=0.000006 grad(r)=0.000964 grad(w2)=0.000001 grad(e)=0.002408
downhill: ADAGRAD 80 loss=0.013002 grad(w1)=0.000006 grad(r)=0.000953 grad(w2)=0.000001 grad(e)=0.002388
downhill: ADAGRAD 81 loss=0.012842 grad(w1)=0.000006 grad(r)=0.000920 grad(w2)=0.000001 grad(e)=0.002310
downhill: ADAGRAD 82 loss=0.012527 grad(w1)=0.000006 grad(r)=0.000930 grad(w2)=0.000001 grad(e)=0.002338
downhill: ADAGRAD 83 loss=0.012653 grad(w1)=0.000006 grad(r)=0.000925 grad(w2)=0.000001 grad(e)=0.002312
downhill: ADAGRAD 84 loss=0.012340 grad(w1)=0.000006 grad(r)=0.000917 grad(w2)=0.000001 grad(e)=0.002302
downhill: ADAGRAD 85 loss=0.012303 grad(w1)=0.000006 grad(r)=0.000893 grad(w2)=0.000001 grad(e)=0.002240
downhill: ADAGRAD 86 loss=0.012410 grad(w1)=0.000006 grad(r)=0.000894 grad(w2)=0.000001 grad(e)=0.002221
downhill: ADAGRAD 87 loss=0.011924 grad(w1)=0.000006 grad(r)=0.000883 grad(w2)=0.000001 grad(e)=0.002202
downhill: ADAGRAD 88 loss=0.011989 grad(w1)=0.000006 grad(r)=0.000879 grad(w2)=0.000001 grad(e)=0.002203
downhill: ADAGRAD 89 loss=0.011402 grad(w1)=0.000005 grad(r)=0.000852 grad(w2)=0.000001 grad(e)=0.002133
downhill: ADAGRAD 90 loss=0.012096 grad(w1)=0.000005 grad(r)=0.000855 grad(w2)=0.000001 grad(e)=0.002162
downhill: ADAGRAD 91 loss=0.011376 grad(w1)=0.000005 grad(r)=0.000848 grad(w2)=0.000001 grad(e)=0.002110
downhill: ADAGRAD 92 loss=0.011014 grad(w1)=0.000005 grad(r)=0.000809 grad(w2)=0.000001 grad(e)=0.002032
downhill: ADAGRAD 93 loss=0.011348 grad(w1)=0.000005 grad(r)=0.000806 grad(w2)=0.000001 grad(e)=0.002036
downhill: ADAGRAD 94 loss=0.010840 grad(w1)=0.000005 grad(r)=0.000796 grad(w2)=0.000001 grad(e)=0.002008
downhill: ADAGRAD 95 loss=0.011408 grad(w1)=0.000005 grad(r)=0.000812 grad(w2)=0.000001 grad(e)=0.002029
downhill: ADAGRAD 96 loss=0.010645 grad(w1)=0.000005 grad(r)=0.000784 grad(w2)=0.000001 grad(e)=0.001970
downhill: ADAGRAD 97 loss=0.010791 grad(w1)=0.000005 grad(r)=0.000775 grad(w2)=0.000001 grad(e)=0.001945
downhill: ADAGRAD 98 loss=0.010867 grad(w1)=0.000005 grad(r)=0.000775 grad(w2)=0.000001 grad(e)=0.001941
downhill: ADAGRAD 99 loss=0.010209 grad(w1)=0.000005 grad(r)=0.000766 grad(w2)=0.000001 grad(e)=0.001930
downhill: ADAGRAD 100 loss=0.010175 grad(w1)=0.000005 grad(r)=0.000746 grad(w2)=0.000001 grad(e)=0.001867
downhill: ADAGRAD 101 loss=0.010402 grad(w1)=0.000005 grad(r)=0.000768 grad(w2)=0.000001 grad(e)=0.001914
2020-08-16 22:12:29 (DTransE) [INFO] Validation metrics:
2020-08-16 22:12:29 (DTransE) [INFO] Fast MRs
2020-08-16 22:26:48 (DTransE) [INFO] Model		MR	RMR	RHit@10	Hit@10	rank	lmbda
2020-08-16 22:26:48 (DTransE) [INFO] DTransE_2L_Model	446	461	0.784	0.936	200	2.000000
downhill: ADAGRAD 102 loss=0.010147 grad(w1)=0.000005 grad(r)=0.000746 grad(w2)=0.000001 grad(e)=0.001881
downhill: ADAGRAD 103 loss=0.010122 grad(w1)=0.000005 grad(r)=0.000723 grad(w2)=0.000001 grad(e)=0.001822
downhill: ADAGRAD 104 loss=0.010031 grad(w1)=0.000005 grad(r)=0.000716 grad(w2)=0.000001 grad(e)=0.001799
downhill: ADAGRAD 105 loss=0.009669 grad(w1)=0.000004 grad(r)=0.000717 grad(w2)=0.000001 grad(e)=0.001819
downhill: ADAGRAD 106 loss=0.009627 grad(w1)=0.000004 grad(r)=0.000700 grad(w2)=0.000001 grad(e)=0.001767
downhill: ADAGRAD 107 loss=0.010139 grad(w1)=0.000004 grad(r)=0.000702 grad(w2)=0.000001 grad(e)=0.001776
downhill: ADAGRAD 108 loss=0.009417 grad(w1)=0.000004 grad(r)=0.000685 grad(w2)=0.000001 grad(e)=0.001730
downhill: ADAGRAD 109 loss=0.009537 grad(w1)=0.000004 grad(r)=0.000697 grad(w2)=0.000001 grad(e)=0.001744
downhill: ADAGRAD 110 loss=0.009624 grad(w1)=0.000004 grad(r)=0.000695 grad(w2)=0.000001 grad(e)=0.001757
downhill: ADAGRAD 111 loss=0.009302 grad(w1)=0.000004 grad(r)=0.000671 grad(w2)=0.000001 grad(e)=0.001691
downhill: ADAGRAD 112 loss=0.009176 grad(w1)=0.000004 grad(r)=0.000673 grad(w2)=0.000001 grad(e)=0.001703
downhill: ADAGRAD 113 loss=0.009020 grad(w1)=0.000004 grad(r)=0.000673 grad(w2)=0.000001 grad(e)=0.001692
downhill: ADAGRAD 114 loss=0.009014 grad(w1)=0.000004 grad(r)=0.000669 grad(w2)=0.000001 grad(e)=0.001678
downhill: ADAGRAD 115 loss=0.008936 grad(w1)=0.000004 grad(r)=0.000658 grad(w2)=0.000001 grad(e)=0.001665
downhill: ADAGRAD 116 loss=0.009006 grad(w1)=0.000004 grad(r)=0.000644 grad(w2)=0.000001 grad(e)=0.001632
downhill: ADAGRAD 117 loss=0.008921 grad(w1)=0.000004 grad(r)=0.000649 grad(w2)=0.000001 grad(e)=0.001633
downhill: ADAGRAD 118 loss=0.009232 grad(w1)=0.000004 grad(r)=0.000647 grad(w2)=0.000001 grad(e)=0.001625
downhill: ADAGRAD 119 loss=0.008842 grad(w1)=0.000004 grad(r)=0.000626 grad(w2)=0.000001 grad(e)=0.001583
downhill: ADAGRAD 120 loss=0.008642 grad(w1)=0.000004 grad(r)=0.000618 grad(w2)=0.000001 grad(e)=0.001567
downhill: ADAGRAD 121 loss=0.008678 grad(w1)=0.000004 grad(r)=0.000629 grad(w2)=0.000001 grad(e)=0.001586
downhill: ADAGRAD 122 loss=0.008577 grad(w1)=0.000004 grad(r)=0.000618 grad(w2)=0.000001 grad(e)=0.001575
downhill: ADAGRAD 123 loss=0.008268 grad(w1)=0.000004 grad(r)=0.000617 grad(w2)=0.000001 grad(e)=0.001551
downhill: ADAGRAD 124 loss=0.008711 grad(w1)=0.000004 grad(r)=0.000625 grad(w2)=0.000001 grad(e)=0.001574
downhill: ADAGRAD 125 loss=0.008498 grad(w1)=0.000004 grad(r)=0.000601 grad(w2)=0.000001 grad(e)=0.001506
downhill: ADAGRAD 126 loss=0.008351 grad(w1)=0.000004 grad(r)=0.000588 grad(w2)=0.000001 grad(e)=0.001492
downhill: ADAGRAD 127 loss=0.008129 grad(w1)=0.000004 grad(r)=0.000575 grad(w2)=0.000001 grad(e)=0.001451
downhill: ADAGRAD 128 loss=0.007955 grad(w1)=0.000004 grad(r)=0.000580 grad(w2)=0.000001 grad(e)=0.001475
downhill: ADAGRAD 129 loss=0.007796 grad(w1)=0.000004 grad(r)=0.000578 grad(w2)=0.000001 grad(e)=0.001471
downhill: ADAGRAD 130 loss=0.008337 grad(w1)=0.000004 grad(r)=0.000586 grad(w2)=0.000001 grad(e)=0.001485
downhill: ADAGRAD 131 loss=0.008297 grad(w1)=0.000004 grad(r)=0.000583 grad(w2)=0.000001 grad(e)=0.001468
downhill: ADAGRAD 132 loss=0.007678 grad(w1)=0.000004 grad(r)=0.000568 grad(w2)=0.000001 grad(e)=0.001438
downhill: ADAGRAD 133 loss=0.007890 grad(w1)=0.000004 grad(r)=0.000571 grad(w2)=0.000001 grad(e)=0.001437
downhill: ADAGRAD 134 loss=0.007920 grad(w1)=0.000004 grad(r)=0.000570 grad(w2)=0.000001 grad(e)=0.001437
downhill: ADAGRAD 135 loss=0.007808 grad(w1)=0.000003 grad(r)=0.000561 grad(w2)=0.000001 grad(e)=0.001417
downhill: ADAGRAD 136 loss=0.007854 grad(w1)=0.000003 grad(r)=0.000560 grad(w2)=0.000001 grad(e)=0.001417
downhill: ADAGRAD 137 loss=0.007367 grad(w1)=0.000003 grad(r)=0.000525 grad(w2)=0.000001 grad(e)=0.001342
downhill: ADAGRAD 138 loss=0.007561 grad(w1)=0.000003 grad(r)=0.000549 grad(w2)=0.000001 grad(e)=0.001391
downhill: ADAGRAD 139 loss=0.007590 grad(w1)=0.000003 grad(r)=0.000546 grad(w2)=0.000001 grad(e)=0.001379
downhill: ADAGRAD 140 loss=0.007504 grad(w1)=0.000003 grad(r)=0.000526 grad(w2)=0.000001 grad(e)=0.001337
downhill: ADAGRAD 141 loss=0.007456 grad(w1)=0.000003 grad(r)=0.000523 grad(w2)=0.000001 grad(e)=0.001342
downhill: ADAGRAD 142 loss=0.007539 grad(w1)=0.000003 grad(r)=0.000533 grad(w2)=0.000001 grad(e)=0.001345
downhill: ADAGRAD 143 loss=0.007515 grad(w1)=0.000003 grad(r)=0.000532 grad(w2)=0.000001 grad(e)=0.001348
downhill: ADAGRAD 144 loss=0.007585 grad(w1)=0.000003 grad(r)=0.000516 grad(w2)=0.000001 grad(e)=0.001304
downhill: ADAGRAD 145 loss=0.007411 grad(w1)=0.000003 grad(r)=0.000508 grad(w2)=0.000001 grad(e)=0.001297
downhill: ADAGRAD 146 loss=0.007735 grad(w1)=0.000003 grad(r)=0.000529 grad(w2)=0.000001 grad(e)=0.001341
downhill: ADAGRAD 147 loss=0.007010 grad(w1)=0.000003 grad(r)=0.000527 grad(w2)=0.000001 grad(e)=0.001327
downhill: ADAGRAD 148 loss=0.007249 grad(w1)=0.000003 grad(r)=0.000519 grad(w2)=0.000001 grad(e)=0.001312
downhill: ADAGRAD 149 loss=0.007258 grad(w1)=0.000003 grad(r)=0.000490 grad(w2)=0.000001 grad(e)=0.001241
downhill: ADAGRAD 150 loss=0.007100 grad(w1)=0.000003 grad(r)=0.000508 grad(w2)=0.000001 grad(e)=0.001304
downhill: ADAGRAD 151 loss=0.007153 grad(w1)=0.000003 grad(r)=0.000505 grad(w2)=0.000001 grad(e)=0.001284
2020-08-16 22:32:09 (DTransE) [INFO] Validation metrics:
2020-08-16 22:32:09 (DTransE) [INFO] Fast MRs
2020-08-16 22:45:34 (DTransE) [INFO] Model		MR	RMR	RHit@10	Hit@10	rank	lmbda
2020-08-16 22:45:34 (DTransE) [INFO] DTransE_2L_Model	434	449	0.784	0.939	200	2.000000
downhill: ADAGRAD 152 loss=0.007038 grad(w1)=0.000003 grad(r)=0.000489 grad(w2)=0.000001 grad(e)=0.001239
downhill: ADAGRAD 153 loss=0.007158 grad(w1)=0.000003 grad(r)=0.000499 grad(w2)=0.000001 grad(e)=0.001264
downhill: ADAGRAD 154 loss=0.007057 grad(w1)=0.000003 grad(r)=0.000489 grad(w2)=0.000001 grad(e)=0.001244
downhill: ADAGRAD 155 loss=0.006707 grad(w1)=0.000003 grad(r)=0.000484 grad(w2)=0.000001 grad(e)=0.001225
downhill: ADAGRAD 156 loss=0.007075 grad(w1)=0.000003 grad(r)=0.000495 grad(w2)=0.000001 grad(e)=0.001251
downhill: ADAGRAD 157 loss=0.006850 grad(w1)=0.000003 grad(r)=0.000490 grad(w2)=0.000001 grad(e)=0.001245
downhill: ADAGRAD 158 loss=0.006925 grad(w1)=0.000003 grad(r)=0.000483 grad(w2)=0.000001 grad(e)=0.001227
downhill: ADAGRAD 159 loss=0.006639 grad(w1)=0.000003 grad(r)=0.000474 grad(w2)=0.000001 grad(e)=0.001198
downhill: ADAGRAD 160 loss=0.006883 grad(w1)=0.000003 grad(r)=0.000477 grad(w2)=0.000001 grad(e)=0.001207
downhill: ADAGRAD 161 loss=0.006490 grad(w1)=0.000003 grad(r)=0.000472 grad(w2)=0.000001 grad(e)=0.001192
downhill: ADAGRAD 162 loss=0.006700 grad(w1)=0.000003 grad(r)=0.000482 grad(w2)=0.000001 grad(e)=0.001217
downhill: ADAGRAD 163 loss=0.007068 grad(w1)=0.000003 grad(r)=0.000470 grad(w2)=0.000001 grad(e)=0.001198
downhill: ADAGRAD 164 loss=0.006849 grad(w1)=0.000003 grad(r)=0.000471 grad(w2)=0.000001 grad(e)=0.001190
downhill: ADAGRAD 165 loss=0.006577 grad(w1)=0.000003 grad(r)=0.000464 grad(w2)=0.000001 grad(e)=0.001184
downhill: ADAGRAD 166 loss=0.006499 grad(w1)=0.000003 grad(r)=0.000465 grad(w2)=0.000001 grad(e)=0.001173
downhill: ADAGRAD 167 loss=0.006642 grad(w1)=0.000003 grad(r)=0.000455 grad(w2)=0.000001 grad(e)=0.001161
downhill: ADAGRAD 168 loss=0.006295 grad(w1)=0.000003 grad(r)=0.000455 grad(w2)=0.000001 grad(e)=0.001153
downhill: ADAGRAD 169 loss=0.006480 grad(w1)=0.000003 grad(r)=0.000451 grad(w2)=0.000001 grad(e)=0.001143
downhill: ADAGRAD 170 loss=0.006498 grad(w1)=0.000003 grad(r)=0.000444 grad(w2)=0.000001 grad(e)=0.001133
downhill: ADAGRAD 171 loss=0.006515 grad(w1)=0.000003 grad(r)=0.000442 grad(w2)=0.000001 grad(e)=0.001113
downhill: ADAGRAD 172 loss=0.006824 grad(w1)=0.000003 grad(r)=0.000457 grad(w2)=0.000001 grad(e)=0.001156
downhill: ADAGRAD 173 loss=0.006331 grad(w1)=0.000003 grad(r)=0.000438 grad(w2)=0.000001 grad(e)=0.001119
downhill: ADAGRAD 174 loss=0.006465 grad(w1)=0.000003 grad(r)=0.000433 grad(w2)=0.000001 grad(e)=0.001105
downhill: ADAGRAD 175 loss=0.006280 grad(w1)=0.000003 grad(r)=0.000434 grad(w2)=0.000001 grad(e)=0.001091
downhill: ADAGRAD 176 loss=0.006210 grad(w1)=0.000003 grad(r)=0.000426 grad(w2)=0.000001 grad(e)=0.001090
downhill: ADAGRAD 177 loss=0.006067 grad(w1)=0.000003 grad(r)=0.000423 grad(w2)=0.000001 grad(e)=0.001084
downhill: ADAGRAD 178 loss=0.006158 grad(w1)=0.000003 grad(r)=0.000437 grad(w2)=0.000001 grad(e)=0.001112
downhill: ADAGRAD 179 loss=0.006465 grad(w1)=0.000003 grad(r)=0.000422 grad(w2)=0.000001 grad(e)=0.001075
downhill: ADAGRAD 180 loss=0.006074 grad(w1)=0.000003 grad(r)=0.000413 grad(w2)=0.000001 grad(e)=0.001056
downhill: ADAGRAD 181 loss=0.006360 grad(w1)=0.000003 grad(r)=0.000421 grad(w2)=0.000001 grad(e)=0.001080
downhill: ADAGRAD 182 loss=0.006034 grad(w1)=0.000003 grad(r)=0.000417 grad(w2)=0.000001 grad(e)=0.001059
downhill: ADAGRAD 183 loss=0.005910 grad(w1)=0.000003 grad(r)=0.000413 grad(w2)=0.000001 grad(e)=0.001049
downhill: ADAGRAD 184 loss=0.006131 grad(w1)=0.000003 grad(r)=0.000417 grad(w2)=0.000001 grad(e)=0.001061
downhill: ADAGRAD 185 loss=0.006271 grad(w1)=0.000003 grad(r)=0.000418 grad(w2)=0.000001 grad(e)=0.001069
downhill: ADAGRAD 186 loss=0.006131 grad(w1)=0.000003 grad(r)=0.000418 grad(w2)=0.000001 grad(e)=0.001065
downhill: ADAGRAD 187 loss=0.006352 grad(w1)=0.000003 grad(r)=0.000414 grad(w2)=0.000001 grad(e)=0.001054
downhill: ADAGRAD 188 loss=0.006072 grad(w1)=0.000003 grad(r)=0.000425 grad(w2)=0.000001 grad(e)=0.001083
downhill: ADAGRAD 189 loss=0.006118 grad(w1)=0.000003 grad(r)=0.000414 grad(w2)=0.000001 grad(e)=0.001050
downhill: ADAGRAD 190 loss=0.006054 grad(w1)=0.000002 grad(r)=0.000400 grad(w2)=0.000001 grad(e)=0.001020
downhill: ADAGRAD 191 loss=0.005834 grad(w1)=0.000002 grad(r)=0.000394 grad(w2)=0.000001 grad(e)=0.001002
downhill: ADAGRAD 192 loss=0.006087 grad(w1)=0.000003 grad(r)=0.000404 grad(w2)=0.000001 grad(e)=0.001032
downhill: ADAGRAD 193 loss=0.005835 grad(w1)=0.000002 grad(r)=0.000404 grad(w2)=0.000001 grad(e)=0.001023
downhill: ADAGRAD 194 loss=0.006207 grad(w1)=0.000002 grad(r)=0.000398 grad(w2)=0.000001 grad(e)=0.001024
downhill: ADAGRAD 195 loss=0.005998 grad(w1)=0.000002 grad(r)=0.000402 grad(w2)=0.000001 grad(e)=0.001030
downhill: ADAGRAD 196 loss=0.005808 grad(w1)=0.000002 grad(r)=0.000396 grad(w2)=0.000001 grad(e)=0.001012
downhill: ADAGRAD 197 loss=0.006063 grad(w1)=0.000002 grad(r)=0.000391 grad(w2)=0.000001 grad(e)=0.001000
downhill: ADAGRAD 198 loss=0.005815 grad(w1)=0.000002 grad(r)=0.000392 grad(w2)=0.000001 grad(e)=0.000998
downhill: ADAGRAD 199 loss=0.005950 grad(w1)=0.000002 grad(r)=0.000382 grad(w2)=0.000001 grad(e)=0.000972
downhill: ADAGRAD 200 loss=0.006108 grad(w1)=0.000002 grad(r)=0.000400 grad(w2)=0.000001 grad(e)=0.001023
downhill: ADAGRAD 201 loss=0.006075 grad(w1)=0.000002 grad(r)=0.000380 grad(w2)=0.000001 grad(e)=0.000963
2020-08-16 22:50:56 (DTransE) [INFO] Validation metrics:
2020-08-16 22:50:56 (DTransE) [INFO] Fast MRs
2020-08-16 23:05:17 (DTransE) [INFO] Model		MR	RMR	RHit@10	Hit@10	rank	lmbda
2020-08-16 23:05:17 (DTransE) [INFO] DTransE_2L_Model	429	444	0.785	0.941	200	2.000000
downhill: ADAGRAD 202 loss=0.005909 grad(w1)=0.000002 grad(r)=0.000391 grad(w2)=0.000001 grad(e)=0.000989
downhill: ADAGRAD 203 loss=0.005794 grad(w1)=0.000002 grad(r)=0.000382 grad(w2)=0.000001 grad(e)=0.000971
downhill: ADAGRAD 204 loss=0.006107 grad(w1)=0.000002 grad(r)=0.000382 grad(w2)=0.000001 grad(e)=0.000972
downhill: ADAGRAD 205 loss=0.005959 grad(w1)=0.000002 grad(r)=0.000391 grad(w2)=0.000001 grad(e)=0.001000
downhill: ADAGRAD 206 loss=0.005589 grad(w1)=0.000002 grad(r)=0.000383 grad(w2)=0.000001 grad(e)=0.000979
downhill: ADAGRAD 207 loss=0.005379 grad(w1)=0.000002 grad(r)=0.000373 grad(w2)=0.000001 grad(e)=0.000956
downhill: ADAGRAD 208 loss=0.006100 grad(w1)=0.000002 grad(r)=0.000378 grad(w2)=0.000001 grad(e)=0.000968
downhill: ADAGRAD 209 loss=0.005722 grad(w1)=0.000002 grad(r)=0.000370 grad(w2)=0.000001 grad(e)=0.000940
downhill: ADAGRAD 210 loss=0.005320 grad(w1)=0.000002 grad(r)=0.000366 grad(w2)=0.000001 grad(e)=0.000935
downhill: ADAGRAD 211 loss=0.005412 grad(w1)=0.000002 grad(r)=0.000361 grad(w2)=0.000001 grad(e)=0.000919
downhill: ADAGRAD 212 loss=0.005291 grad(w1)=0.000002 grad(r)=0.000372 grad(w2)=0.000001 grad(e)=0.000944
downhill: ADAGRAD 213 loss=0.005838 grad(w1)=0.000002 grad(r)=0.000377 grad(w2)=0.000001 grad(e)=0.000956
downhill: ADAGRAD 214 loss=0.005680 grad(w1)=0.000002 grad(r)=0.000376 grad(w2)=0.000001 grad(e)=0.000956
downhill: ADAGRAD 215 loss=0.005478 grad(w1)=0.000002 grad(r)=0.000357 grad(w2)=0.000001 grad(e)=0.000912
downhill: ADAGRAD 216 loss=0.005773 grad(w1)=0.000002 grad(r)=0.000372 grad(w2)=0.000001 grad(e)=0.000952
downhill: ADAGRAD 217 loss=0.005694 grad(w1)=0.000002 grad(r)=0.000366 grad(w2)=0.000001 grad(e)=0.000938
downhill: ADAGRAD 218 loss=0.005459 grad(w1)=0.000002 grad(r)=0.000365 grad(w2)=0.000001 grad(e)=0.000930
downhill: ADAGRAD 219 loss=0.005493 grad(w1)=0.000002 grad(r)=0.000359 grad(w2)=0.000001 grad(e)=0.000916
downhill: ADAGRAD 220 loss=0.005805 grad(w1)=0.000002 grad(r)=0.000369 grad(w2)=0.000001 grad(e)=0.000942
downhill: ADAGRAD 221 loss=0.005773 grad(w1)=0.000002 grad(r)=0.000363 grad(w2)=0.000001 grad(e)=0.000927
downhill: ADAGRAD 222 loss=0.005283 grad(w1)=0.000002 grad(r)=0.000350 grad(w2)=0.000001 grad(e)=0.000894
downhill: ADAGRAD 223 loss=0.005467 grad(w1)=0.000002 grad(r)=0.000361 grad(w2)=0.000001 grad(e)=0.000915
downhill: ADAGRAD 224 loss=0.005561 grad(w1)=0.000002 grad(r)=0.000360 grad(w2)=0.000001 grad(e)=0.000910
downhill: ADAGRAD 225 loss=0.005255 grad(w1)=0.000002 grad(r)=0.000344 grad(w2)=0.000001 grad(e)=0.000884
downhill: ADAGRAD 226 loss=0.004956 grad(w1)=0.000002 grad(r)=0.000350 grad(w2)=0.000001 grad(e)=0.000898
downhill: ADAGRAD 227 loss=0.005309 grad(w1)=0.000002 grad(r)=0.000345 grad(w2)=0.000001 grad(e)=0.000883
downhill: ADAGRAD 228 loss=0.005510 grad(w1)=0.000002 grad(r)=0.000347 grad(w2)=0.000001 grad(e)=0.000882
downhill: ADAGRAD 229 loss=0.005249 grad(w1)=0.000002 grad(r)=0.000347 grad(w2)=0.000001 grad(e)=0.000885
downhill: ADAGRAD 230 loss=0.005422 grad(w1)=0.000002 grad(r)=0.000357 grad(w2)=0.000001 grad(e)=0.000904
downhill: ADAGRAD 231 loss=0.005067 grad(w1)=0.000002 grad(r)=0.000338 grad(w2)=0.000001 grad(e)=0.000865
downhill: ADAGRAD 232 loss=0.005271 grad(w1)=0.000002 grad(r)=0.000342 grad(w2)=0.000001 grad(e)=0.000871
downhill: ADAGRAD 233 loss=0.005365 grad(w1)=0.000002 grad(r)=0.000336 grad(w2)=0.000001 grad(e)=0.000853
downhill: ADAGRAD 234 loss=0.005306 grad(w1)=0.000002 grad(r)=0.000343 grad(w2)=0.000001 grad(e)=0.000874
downhill: ADAGRAD 235 loss=0.005047 grad(w1)=0.000002 grad(r)=0.000339 grad(w2)=0.000001 grad(e)=0.000867
downhill: ADAGRAD 236 loss=0.004977 grad(w1)=0.000002 grad(r)=0.000330 grad(w2)=0.000001 grad(e)=0.000845
downhill: ADAGRAD 237 loss=0.005061 grad(w1)=0.000002 grad(r)=0.000331 grad(w2)=0.000001 grad(e)=0.000852
downhill: ADAGRAD 238 loss=0.004952 grad(w1)=0.000002 grad(r)=0.000331 grad(w2)=0.000001 grad(e)=0.000842
downhill: ADAGRAD 239 loss=0.005083 grad(w1)=0.000002 grad(r)=0.000333 grad(w2)=0.000001 grad(e)=0.000850
downhill: ADAGRAD 240 loss=0.004985 grad(w1)=0.000002 grad(r)=0.000330 grad(w2)=0.000001 grad(e)=0.000836
downhill: ADAGRAD 241 loss=0.004903 grad(w1)=0.000002 grad(r)=0.000323 grad(w2)=0.000001 grad(e)=0.000820
downhill: ADAGRAD 242 loss=0.004810 grad(w1)=0.000002 grad(r)=0.000325 grad(w2)=0.000001 grad(e)=0.000829
downhill: ADAGRAD 243 loss=0.005228 grad(w1)=0.000002 grad(r)=0.000330 grad(w2)=0.000001 grad(e)=0.000842
downhill: ADAGRAD 244 loss=0.005158 grad(w1)=0.000002 grad(r)=0.000329 grad(w2)=0.000001 grad(e)=0.000839
downhill: ADAGRAD 245 loss=0.005065 grad(w1)=0.000002 grad(r)=0.000329 grad(w2)=0.000001 grad(e)=0.000837
downhill: ADAGRAD 246 loss=0.005046 grad(w1)=0.000002 grad(r)=0.000325 grad(w2)=0.000001 grad(e)=0.000821
downhill: ADAGRAD 247 loss=0.004841 grad(w1)=0.000002 grad(r)=0.000319 grad(w2)=0.000001 grad(e)=0.000812
downhill: ADAGRAD 248 loss=0.004850 grad(w1)=0.000002 grad(r)=0.000321 grad(w2)=0.000001 grad(e)=0.000822
downhill: ADAGRAD 249 loss=0.004512 grad(w1)=0.000002 grad(r)=0.000325 grad(w2)=0.000001 grad(e)=0.000835
downhill: ADAGRAD 250 loss=0.004916 grad(w1)=0.000002 grad(r)=0.000321 grad(w2)=0.000001 grad(e)=0.000820
downhill: ADAGRAD 251 loss=0.004826 grad(w1)=0.000002 grad(r)=0.000316 grad(w2)=0.000001 grad(e)=0.000813
2020-08-16 23:10:38 (DTransE) [INFO] Validation metrics:
2020-08-16 23:10:38 (DTransE) [INFO] Fast MRs
2020-08-16 23:24:57 (DTransE) [INFO] Model		MR	RMR	RHit@10	Hit@10	rank	lmbda
2020-08-16 23:24:57 (DTransE) [INFO] DTransE_2L_Model	426	441	0.784	0.941	200	2.000000
downhill: ADAGRAD 252 loss=0.004923 grad(w1)=0.000002 grad(r)=0.000312 grad(w2)=0.000001 grad(e)=0.000805
downhill: ADAGRAD 253 loss=0.004868 grad(w1)=0.000002 grad(r)=0.000318 grad(w2)=0.000001 grad(e)=0.000810
downhill: ADAGRAD 254 loss=0.005033 grad(w1)=0.000002 grad(r)=0.000321 grad(w2)=0.000001 grad(e)=0.000822
downhill: ADAGRAD 255 loss=0.004792 grad(w1)=0.000002 grad(r)=0.000316 grad(w2)=0.000001 grad(e)=0.000811
downhill: ADAGRAD 256 loss=0.004793 grad(w1)=0.000002 grad(r)=0.000303 grad(w2)=0.000001 grad(e)=0.000774
downhill: ADAGRAD 257 loss=0.004754 grad(w1)=0.000002 grad(r)=0.000310 grad(w2)=0.000001 grad(e)=0.000787
downhill: ADAGRAD 258 loss=0.004769 grad(w1)=0.000002 grad(r)=0.000306 grad(w2)=0.000001 grad(e)=0.000783
downhill: ADAGRAD 259 loss=0.004641 grad(w1)=0.000002 grad(r)=0.000308 grad(w2)=0.000001 grad(e)=0.000783
downhill: ADAGRAD 260 loss=0.004759 grad(w1)=0.000002 grad(r)=0.000307 grad(w2)=0.000001 grad(e)=0.000788
downhill: ADAGRAD 261 loss=0.004877 grad(w1)=0.000002 grad(r)=0.000300 grad(w2)=0.000001 grad(e)=0.000770
downhill: ADAGRAD 262 loss=0.005076 grad(w1)=0.000002 grad(r)=0.000310 grad(w2)=0.000001 grad(e)=0.000794
downhill: ADAGRAD 263 loss=0.004690 grad(w1)=0.000002 grad(r)=0.000298 grad(w2)=0.000001 grad(e)=0.000769
downhill: ADAGRAD 264 loss=0.004875 grad(w1)=0.000002 grad(r)=0.000319 grad(w2)=0.000001 grad(e)=0.000810
downhill: ADAGRAD 265 loss=0.004685 grad(w1)=0.000002 grad(r)=0.000304 grad(w2)=0.000001 grad(e)=0.000780
downhill: ADAGRAD 266 loss=0.004861 grad(w1)=0.000002 grad(r)=0.000311 grad(w2)=0.000001 grad(e)=0.000790
downhill: ADAGRAD 267 loss=0.004728 grad(w1)=0.000002 grad(r)=0.000300 grad(w2)=0.000001 grad(e)=0.000770
downhill: ADAGRAD 268 loss=0.004741 grad(w1)=0.000002 grad(r)=0.000295 grad(w2)=0.000001 grad(e)=0.000757
downhill: ADAGRAD 269 loss=0.004618 grad(w1)=0.000002 grad(r)=0.000301 grad(w2)=0.000001 grad(e)=0.000765
downhill: ADAGRAD 270 loss=0.004853 grad(w1)=0.000002 grad(r)=0.000299 grad(w2)=0.000001 grad(e)=0.000766
downhill: ADAGRAD 271 loss=0.004537 grad(w1)=0.000002 grad(r)=0.000289 grad(w2)=0.000001 grad(e)=0.000741
downhill: ADAGRAD 272 loss=0.004684 grad(w1)=0.000002 grad(r)=0.000310 grad(w2)=0.000001 grad(e)=0.000794
downhill: ADAGRAD 273 loss=0.004830 grad(w1)=0.000002 grad(r)=0.000305 grad(w2)=0.000001 grad(e)=0.000779
downhill: ADAGRAD 274 loss=0.004555 grad(w1)=0.000002 grad(r)=0.000294 grad(w2)=0.000001 grad(e)=0.000753
downhill: ADAGRAD 275 loss=0.004587 grad(w1)=0.000002 grad(r)=0.000291 grad(w2)=0.000001 grad(e)=0.000743
downhill: ADAGRAD 276 loss=0.004608 grad(w1)=0.000002 grad(r)=0.000300 grad(w2)=0.000001 grad(e)=0.000765
downhill: ADAGRAD 277 loss=0.004678 grad(w1)=0.000002 grad(r)=0.000289 grad(w2)=0.000001 grad(e)=0.000735
downhill: ADAGRAD 278 loss=0.004716 grad(w1)=0.000002 grad(r)=0.000290 grad(w2)=0.000001 grad(e)=0.000739
downhill: ADAGRAD 279 loss=0.004807 grad(w1)=0.000002 grad(r)=0.000300 grad(w2)=0.000001 grad(e)=0.000765
downhill: ADAGRAD 280 loss=0.004491 grad(w1)=0.000002 grad(r)=0.000288 grad(w2)=0.000001 grad(e)=0.000742
downhill: ADAGRAD 281 loss=0.004580 grad(w1)=0.000002 grad(r)=0.000287 grad(w2)=0.000001 grad(e)=0.000729
downhill: ADAGRAD 282 loss=0.004644 grad(w1)=0.000002 grad(r)=0.000284 grad(w2)=0.000001 grad(e)=0.000730
downhill: ADAGRAD 283 loss=0.004394 grad(w1)=0.000002 grad(r)=0.000283 grad(w2)=0.000001 grad(e)=0.000720
downhill: ADAGRAD 284 loss=0.004605 grad(w1)=0.000002 grad(r)=0.000278 grad(w2)=0.000001 grad(e)=0.000713
downhill: ADAGRAD 285 loss=0.004220 grad(w1)=0.000002 grad(r)=0.000290 grad(w2)=0.000001 grad(e)=0.000737
downhill: ADAGRAD 286 loss=0.004528 grad(w1)=0.000002 grad(r)=0.000286 grad(w2)=0.000001 grad(e)=0.000730
downhill: ADAGRAD 287 loss=0.004530 grad(w1)=0.000002 grad(r)=0.000289 grad(w2)=0.000001 grad(e)=0.000733
downhill: ADAGRAD 288 loss=0.004541 grad(w1)=0.000002 grad(r)=0.000286 grad(w2)=0.000001 grad(e)=0.000730
downhill: ADAGRAD 289 loss=0.004694 grad(w1)=0.000002 grad(r)=0.000290 grad(w2)=0.000001 grad(e)=0.000740
downhill: ADAGRAD 290 loss=0.004394 grad(w1)=0.000002 grad(r)=0.000284 grad(w2)=0.000001 grad(e)=0.000729
downhill: ADAGRAD 291 loss=0.004602 grad(w1)=0.000002 grad(r)=0.000280 grad(w2)=0.000001 grad(e)=0.000712
downhill: ADAGRAD 292 loss=0.004443 grad(w1)=0.000002 grad(r)=0.000281 grad(w2)=0.000001 grad(e)=0.000720
downhill: ADAGRAD 293 loss=0.004630 grad(w1)=0.000002 grad(r)=0.000289 grad(w2)=0.000001 grad(e)=0.000741
downhill: ADAGRAD 294 loss=0.004655 grad(w1)=0.000002 grad(r)=0.000288 grad(w2)=0.000001 grad(e)=0.000735
downhill: ADAGRAD 295 loss=0.004540 grad(w1)=0.000002 grad(r)=0.000281 grad(w2)=0.000001 grad(e)=0.000715
downhill: ADAGRAD 296 loss=0.004680 grad(w1)=0.000002 grad(r)=0.000281 grad(w2)=0.000001 grad(e)=0.000715
downhill: ADAGRAD 297 loss=0.004113 grad(w1)=0.000002 grad(r)=0.000273 grad(w2)=0.000001 grad(e)=0.000700
downhill: ADAGRAD 298 loss=0.004389 grad(w1)=0.000002 grad(r)=0.000276 grad(w2)=0.000001 grad(e)=0.000704
downhill: ADAGRAD 299 loss=0.004447 grad(w1)=0.000002 grad(r)=0.000278 grad(w2)=0.000001 grad(e)=0.000708
downhill: ADAGRAD 300 loss=0.004582 grad(w1)=0.000002 grad(r)=0.000285 grad(w2)=0.000001 grad(e)=0.000728
downhill: ADAGRAD 301 loss=0.004624 grad(w1)=0.000002 grad(r)=0.000277 grad(w2)=0.000001 grad(e)=0.000710
2020-08-16 23:30:19 (DTransE) [INFO] Validation metrics:
2020-08-16 23:30:19 (DTransE) [INFO] Fast MRs
2020-08-16 23:43:44 (DTransE) [INFO] Model		MR	RMR	RHit@10	Hit@10	rank	lmbda
2020-08-16 23:43:44 (DTransE) [INFO] DTransE_2L_Model	423	438	0.783	0.942	200	2.000000
downhill: ADAGRAD 302 loss=0.004416 grad(w1)=0.000002 grad(r)=0.000280 grad(w2)=0.000001 grad(e)=0.000721
downhill: ADAGRAD 303 loss=0.004528 grad(w1)=0.000002 grad(r)=0.000276 grad(w2)=0.000001 grad(e)=0.000705
downhill: ADAGRAD 304 loss=0.004768 grad(w1)=0.000002 grad(r)=0.000280 grad(w2)=0.000001 grad(e)=0.000717
downhill: ADAGRAD 305 loss=0.004432 grad(w1)=0.000002 grad(r)=0.000272 grad(w2)=0.000001 grad(e)=0.000692
downhill: ADAGRAD 306 loss=0.004449 grad(w1)=0.000002 grad(r)=0.000270 grad(w2)=0.000001 grad(e)=0.000692
downhill: ADAGRAD 307 loss=0.004258 grad(w1)=0.000002 grad(r)=0.000268 grad(w2)=0.000001 grad(e)=0.000690
downhill: ADAGRAD 308 loss=0.004086 grad(w1)=0.000002 grad(r)=0.000258 grad(w2)=0.000000 grad(e)=0.000660
downhill: ADAGRAD 309 loss=0.004279 grad(w1)=0.000002 grad(r)=0.000271 grad(w2)=0.000001 grad(e)=0.000692
downhill: ADAGRAD 310 loss=0.004330 grad(w1)=0.000002 grad(r)=0.000272 grad(w2)=0.000001 grad(e)=0.000694
downhill: ADAGRAD 311 loss=0.004491 grad(w1)=0.000002 grad(r)=0.000271 grad(w2)=0.000001 grad(e)=0.000697
downhill: ADAGRAD 312 loss=0.004351 grad(w1)=0.000002 grad(r)=0.000266 grad(w2)=0.000001 grad(e)=0.000683
downhill: ADAGRAD 313 loss=0.004390 grad(w1)=0.000002 grad(r)=0.000260 grad(w2)=0.000001 grad(e)=0.000661
downhill: ADAGRAD 314 loss=0.004081 grad(w1)=0.000002 grad(r)=0.000266 grad(w2)=0.000001 grad(e)=0.000681
downhill: ADAGRAD 315 loss=0.004373 grad(w1)=0.000002 grad(r)=0.000266 grad(w2)=0.000001 grad(e)=0.000684
downhill: ADAGRAD 316 loss=0.004301 grad(w1)=0.000002 grad(r)=0.000264 grad(w2)=0.000000 grad(e)=0.000673
downhill: ADAGRAD 317 loss=0.004387 grad(w1)=0.000002 grad(r)=0.000270 grad(w2)=0.000001 grad(e)=0.000686
downhill: ADAGRAD 318 loss=0.004362 grad(w1)=0.000002 grad(r)=0.000258 grad(w2)=0.000001 grad(e)=0.000665
downhill: ADAGRAD 319 loss=0.004277 grad(w1)=0.000002 grad(r)=0.000261 grad(w2)=0.000001 grad(e)=0.000677
downhill: ADAGRAD 320 loss=0.004499 grad(w1)=0.000002 grad(r)=0.000276 grad(w2)=0.000001 grad(e)=0.000697
downhill: ADAGRAD 321 loss=0.004526 grad(w1)=0.000002 grad(r)=0.000259 grad(w2)=0.000000 grad(e)=0.000664
downhill: ADAGRAD 322 loss=0.004087 grad(w1)=0.000001 grad(r)=0.000253 grad(w2)=0.000001 grad(e)=0.000644
downhill: ADAGRAD 323 loss=0.004264 grad(w1)=0.000002 grad(r)=0.000263 grad(w2)=0.000001 grad(e)=0.000675
downhill: ADAGRAD 324 loss=0.004285 grad(w1)=0.000002 grad(r)=0.000257 grad(w2)=0.000000 grad(e)=0.000664
downhill: ADAGRAD 325 loss=0.004260 grad(w1)=0.000002 grad(r)=0.000256 grad(w2)=0.000001 grad(e)=0.000656
downhill: ADAGRAD 326 loss=0.004457 grad(w1)=0.000002 grad(r)=0.000259 grad(w2)=0.000001 grad(e)=0.000663
downhill: ADAGRAD 327 loss=0.004017 grad(w1)=0.000001 grad(r)=0.000246 grad(w2)=0.000000 grad(e)=0.000629
downhill: ADAGRAD 328 loss=0.004032 grad(w1)=0.000002 grad(r)=0.000258 grad(w2)=0.000000 grad(e)=0.000663
downhill: ADAGRAD 329 loss=0.004121 grad(w1)=0.000002 grad(r)=0.000259 grad(w2)=0.000000 grad(e)=0.000665
downhill: ADAGRAD 330 loss=0.004272 grad(w1)=0.000002 grad(r)=0.000261 grad(w2)=0.000000 grad(e)=0.000672
downhill: ADAGRAD 331 loss=0.004335 grad(w1)=0.000001 grad(r)=0.000252 grad(w2)=0.000001 grad(e)=0.000650
downhill: ADAGRAD 332 loss=0.004373 grad(w1)=0.000002 grad(r)=0.000265 grad(w2)=0.000001 grad(e)=0.000682
downhill: ADAGRAD 333 loss=0.004258 grad(w1)=0.000002 grad(r)=0.000252 grad(w2)=0.000001 grad(e)=0.000648
downhill: ADAGRAD 334 loss=0.003951 grad(w1)=0.000002 grad(r)=0.000257 grad(w2)=0.000001 grad(e)=0.000660
downhill: ADAGRAD 335 loss=0.004274 grad(w1)=0.000002 grad(r)=0.000257 grad(w2)=0.000000 grad(e)=0.000659
downhill: ADAGRAD 336 loss=0.004223 grad(w1)=0.000002 grad(r)=0.000255 grad(w2)=0.000000 grad(e)=0.000648
downhill: ADAGRAD 337 loss=0.004447 grad(w1)=0.000001 grad(r)=0.000248 grad(w2)=0.000001 grad(e)=0.000638
downhill: ADAGRAD 338 loss=0.004413 grad(w1)=0.000001 grad(r)=0.000251 grad(w2)=0.000000 grad(e)=0.000646
downhill: ADAGRAD 339 loss=0.004266 grad(w1)=0.000002 grad(r)=0.000253 grad(w2)=0.000000 grad(e)=0.000651
downhill: ADAGRAD 340 loss=0.004337 grad(w1)=0.000002 grad(r)=0.000252 grad(w2)=0.000001 grad(e)=0.000646
downhill: ADAGRAD 341 loss=0.004347 grad(w1)=0.000001 grad(r)=0.000249 grad(w2)=0.000000 grad(e)=0.000635
downhill: ADAGRAD 342 loss=0.003946 grad(w1)=0.000001 grad(r)=0.000246 grad(w2)=0.000000 grad(e)=0.000625
downhill: ADAGRAD 343 loss=0.004142 grad(w1)=0.000001 grad(r)=0.000244 grad(w2)=0.000001 grad(e)=0.000635
downhill: ADAGRAD 344 loss=0.003834 grad(w1)=0.000001 grad(r)=0.000236 grad(w2)=0.000000 grad(e)=0.000608
downhill: ADAGRAD 345 loss=0.004176 grad(w1)=0.000001 grad(r)=0.000245 grad(w2)=0.000000 grad(e)=0.000633
downhill: ADAGRAD 346 loss=0.004182 grad(w1)=0.000001 grad(r)=0.000249 grad(w2)=0.000000 grad(e)=0.000638
downhill: ADAGRAD 347 loss=0.004306 grad(w1)=0.000001 grad(r)=0.000245 grad(w2)=0.000001 grad(e)=0.000628
downhill: ADAGRAD 348 loss=0.003799 grad(w1)=0.000001 grad(r)=0.000237 grad(w2)=0.000000 grad(e)=0.000614
downhill: ADAGRAD 349 loss=0.004251 grad(w1)=0.000001 grad(r)=0.000248 grad(w2)=0.000001 grad(e)=0.000635
downhill: ADAGRAD 350 loss=0.003922 grad(w1)=0.000001 grad(r)=0.000246 grad(w2)=0.000000 grad(e)=0.000633
downhill: ADAGRAD 351 loss=0.004102 grad(w1)=0.000001 grad(r)=0.000244 grad(w2)=0.000000 grad(e)=0.000629
2020-08-16 23:49:06 (DTransE) [INFO] Validation metrics:
2020-08-16 23:49:06 (DTransE) [INFO] Fast MRs
2020-08-17 00:03:27 (DTransE) [INFO] Model		MR	RMR	RHit@10	Hit@10	rank	lmbda
2020-08-17 00:03:27 (DTransE) [INFO] DTransE_2L_Model	422	437	0.783	0.942	200	2.000000
downhill: ADAGRAD 352 loss=0.003921 grad(w1)=0.000001 grad(r)=0.000239 grad(w2)=0.000001 grad(e)=0.000614
downhill: ADAGRAD 353 loss=0.004016 grad(w1)=0.000001 grad(r)=0.000243 grad(w2)=0.000000 grad(e)=0.000624
downhill: ADAGRAD 354 loss=0.004117 grad(w1)=0.000001 grad(r)=0.000240 grad(w2)=0.000001 grad(e)=0.000622
downhill: ADAGRAD 355 loss=0.004241 grad(w1)=0.000001 grad(r)=0.000249 grad(w2)=0.000000 grad(e)=0.000638
downhill: ADAGRAD 356 loss=0.003663 grad(w1)=0.000001 grad(r)=0.000231 grad(w2)=0.000000 grad(e)=0.000590
downhill: ADAGRAD 357 loss=0.004307 grad(w1)=0.000001 grad(r)=0.000247 grad(w2)=0.000000 grad(e)=0.000636
downhill: ADAGRAD 358 loss=0.004306 grad(w1)=0.000001 grad(r)=0.000246 grad(w2)=0.000000 grad(e)=0.000636
downhill: ADAGRAD 359 loss=0.003859 grad(w1)=0.000001 grad(r)=0.000241 grad(w2)=0.000000 grad(e)=0.000617
downhill: ADAGRAD 360 loss=0.004360 grad(w1)=0.000001 grad(r)=0.000245 grad(w2)=0.000000 grad(e)=0.000633
downhill: ADAGRAD 361 loss=0.004335 grad(w1)=0.000001 grad(r)=0.000244 grad(w2)=0.000001 grad(e)=0.000625
downhill: ADAGRAD 362 loss=0.004134 grad(w1)=0.000001 grad(r)=0.000239 grad(w2)=0.000000 grad(e)=0.000617
downhill: ADAGRAD 363 loss=0.003821 grad(w1)=0.000001 grad(r)=0.000227 grad(w2)=0.000000 grad(e)=0.000580
downhill: ADAGRAD 364 loss=0.003587 grad(w1)=0.000001 grad(r)=0.000232 grad(w2)=0.000000 grad(e)=0.000595
downhill: ADAGRAD 365 loss=0.003959 grad(w1)=0.000001 grad(r)=0.000238 grad(w2)=0.000000 grad(e)=0.000615
downhill: ADAGRAD 366 loss=0.004071 grad(w1)=0.000001 grad(r)=0.000244 grad(w2)=0.000000 grad(e)=0.000623
downhill: ADAGRAD 367 loss=0.004061 grad(w1)=0.000001 grad(r)=0.000240 grad(w2)=0.000000 grad(e)=0.000611
downhill: ADAGRAD 368 loss=0.004052 grad(w1)=0.000001 grad(r)=0.000237 grad(w2)=0.000000 grad(e)=0.000610
downhill: ADAGRAD 369 loss=0.004085 grad(w1)=0.000001 grad(r)=0.000245 grad(w2)=0.000000 grad(e)=0.000625
downhill: ADAGRAD 370 loss=0.003894 grad(w1)=0.000001 grad(r)=0.000234 grad(w2)=0.000000 grad(e)=0.000600
downhill: ADAGRAD 371 loss=0.003975 grad(w1)=0.000001 grad(r)=0.000237 grad(w2)=0.000000 grad(e)=0.000610
downhill: ADAGRAD 372 loss=0.003909 grad(w1)=0.000001 grad(r)=0.000231 grad(w2)=0.000000 grad(e)=0.000592
downhill: ADAGRAD 373 loss=0.004214 grad(w1)=0.000001 grad(r)=0.000232 grad(w2)=0.000000 grad(e)=0.000596
downhill: ADAGRAD 374 loss=0.004060 grad(w1)=0.000001 grad(r)=0.000231 grad(w2)=0.000000 grad(e)=0.000596
downhill: ADAGRAD 375 loss=0.004163 grad(w1)=0.000001 grad(r)=0.000235 grad(w2)=0.000000 grad(e)=0.000599
downhill: ADAGRAD 376 loss=0.004154 grad(w1)=0.000001 grad(r)=0.000237 grad(w2)=0.000000 grad(e)=0.000608
downhill: ADAGRAD 377 loss=0.004256 grad(w1)=0.000001 grad(r)=0.000247 grad(w2)=0.000000 grad(e)=0.000636
downhill: ADAGRAD 378 loss=0.004245 grad(w1)=0.000001 grad(r)=0.000240 grad(w2)=0.000000 grad(e)=0.000617
downhill: ADAGRAD 379 loss=0.004006 grad(w1)=0.000001 grad(r)=0.000229 grad(w2)=0.000000 grad(e)=0.000587
downhill: ADAGRAD 380 loss=0.003954 grad(w1)=0.000001 grad(r)=0.000231 grad(w2)=0.000000 grad(e)=0.000590
downhill: ADAGRAD 381 loss=0.004127 grad(w1)=0.000001 grad(r)=0.000230 grad(w2)=0.000000 grad(e)=0.000592
downhill: ADAGRAD 382 loss=0.003709 grad(w1)=0.000001 grad(r)=0.000216 grad(w2)=0.000000 grad(e)=0.000556
downhill: ADAGRAD 383 loss=0.004053 grad(w1)=0.000001 grad(r)=0.000230 grad(w2)=0.000000 grad(e)=0.000587
downhill: ADAGRAD 384 loss=0.003847 grad(w1)=0.000001 grad(r)=0.000232 grad(w2)=0.000000 grad(e)=0.000596
downhill: ADAGRAD 385 loss=0.003809 grad(w1)=0.000001 grad(r)=0.000232 grad(w2)=0.000000 grad(e)=0.000590
downhill: ADAGRAD 386 loss=0.003977 grad(w1)=0.000001 grad(r)=0.000233 grad(w2)=0.000000 grad(e)=0.000597
downhill: ADAGRAD 387 loss=0.003855 grad(w1)=0.000001 grad(r)=0.000221 grad(w2)=0.000000 grad(e)=0.000572
downhill: ADAGRAD 388 loss=0.004131 grad(w1)=0.000001 grad(r)=0.000230 grad(w2)=0.000000 grad(e)=0.000588
downhill: ADAGRAD 389 loss=0.003940 grad(w1)=0.000001 grad(r)=0.000225 grad(w2)=0.000000 grad(e)=0.000582
downhill: ADAGRAD 390 loss=0.003941 grad(w1)=0.000001 grad(r)=0.000222 grad(w2)=0.000000 grad(e)=0.000571
downhill: ADAGRAD 391 loss=0.004059 grad(w1)=0.000001 grad(r)=0.000230 grad(w2)=0.000000 grad(e)=0.000586
downhill: ADAGRAD 392 loss=0.003944 grad(w1)=0.000001 grad(r)=0.000222 grad(w2)=0.000000 grad(e)=0.000569
downhill: ADAGRAD 393 loss=0.003827 grad(w1)=0.000001 grad(r)=0.000223 grad(w2)=0.000000 grad(e)=0.000571
downhill: ADAGRAD 394 loss=0.003790 grad(w1)=0.000001 grad(r)=0.000225 grad(w2)=0.000000 grad(e)=0.000576
downhill: ADAGRAD 395 loss=0.004268 grad(w1)=0.000001 grad(r)=0.000220 grad(w2)=0.000000 grad(e)=0.000573
downhill: ADAGRAD 396 loss=0.003734 grad(w1)=0.000001 grad(r)=0.000225 grad(w2)=0.000000 grad(e)=0.000578
downhill: ADAGRAD 397 loss=0.003735 grad(w1)=0.000001 grad(r)=0.000221 grad(w2)=0.000000 grad(e)=0.000565
downhill: ADAGRAD 398 loss=0.004058 grad(w1)=0.000001 grad(r)=0.000227 grad(w2)=0.000000 grad(e)=0.000581
downhill: ADAGRAD 399 loss=0.004091 grad(w1)=0.000001 grad(r)=0.000232 grad(w2)=0.000000 grad(e)=0.000595
downhill: ADAGRAD 400 loss=0.003780 grad(w1)=0.000001 grad(r)=0.000221 grad(w2)=0.000000 grad(e)=0.000567
downhill: ADAGRAD 401 loss=0.003873 grad(w1)=0.000001 grad(r)=0.000219 grad(w2)=0.000000 grad(e)=0.000563
2020-08-17 00:08:49 (DTransE) [INFO] Validation metrics:
2020-08-17 00:08:49 (DTransE) [INFO] Fast MRs
2020-08-17 00:23:10 (DTransE) [INFO] Model		MR	RMR	RHit@10	Hit@10	rank	lmbda
2020-08-17 00:23:10 (DTransE) [INFO] DTransE_2L_Model	421	436	0.782	0.943	200	2.000000
downhill: ADAGRAD 402 loss=0.004023 grad(w1)=0.000001 grad(r)=0.000227 grad(w2)=0.000000 grad(e)=0.000580
downhill: ADAGRAD 403 loss=0.003815 grad(w1)=0.000001 grad(r)=0.000219 grad(w2)=0.000000 grad(e)=0.000563
downhill: ADAGRAD 404 loss=0.003634 grad(w1)=0.000001 grad(r)=0.000215 grad(w2)=0.000000 grad(e)=0.000554
downhill: ADAGRAD 405 loss=0.003541 grad(w1)=0.000001 grad(r)=0.000220 grad(w2)=0.000000 grad(e)=0.000562
downhill: ADAGRAD 406 loss=0.003799 grad(w1)=0.000001 grad(r)=0.000227 grad(w2)=0.000000 grad(e)=0.000580
downhill: ADAGRAD 407 loss=0.003725 grad(w1)=0.000001 grad(r)=0.000218 grad(w2)=0.000000 grad(e)=0.000562
downhill: ADAGRAD 408 loss=0.003855 grad(w1)=0.000001 grad(r)=0.000224 grad(w2)=0.000000 grad(e)=0.000574
downhill: ADAGRAD 409 loss=0.003711 grad(w1)=0.000001 grad(r)=0.000214 grad(w2)=0.000000 grad(e)=0.000550
downhill: ADAGRAD 410 loss=0.003872 grad(w1)=0.000001 grad(r)=0.000215 grad(w2)=0.000000 grad(e)=0.000555
downhill: ADAGRAD 411 loss=0.003754 grad(w1)=0.000001 grad(r)=0.000222 grad(w2)=0.000000 grad(e)=0.000565
downhill: ADAGRAD 412 loss=0.003966 grad(w1)=0.000001 grad(r)=0.000216 grad(w2)=0.000000 grad(e)=0.000552
downhill: ADAGRAD 413 loss=0.003649 grad(w1)=0.000001 grad(r)=0.000215 grad(w2)=0.000000 grad(e)=0.000553
downhill: ADAGRAD 414 loss=0.004023 grad(w1)=0.000001 grad(r)=0.000217 grad(w2)=0.000000 grad(e)=0.000559
downhill: ADAGRAD 415 loss=0.003940 grad(w1)=0.000001 grad(r)=0.000218 grad(w2)=0.000000 grad(e)=0.000562
downhill: ADAGRAD 416 loss=0.003810 grad(w1)=0.000001 grad(r)=0.000217 grad(w2)=0.000000 grad(e)=0.000557
downhill: ADAGRAD 417 loss=0.003786 grad(w1)=0.000001 grad(r)=0.000215 grad(w2)=0.000000 grad(e)=0.000551
downhill: ADAGRAD 418 loss=0.003590 grad(w1)=0.000001 grad(r)=0.000212 grad(w2)=0.000000 grad(e)=0.000543
downhill: ADAGRAD 419 loss=0.003859 grad(w1)=0.000001 grad(r)=0.000215 grad(w2)=0.000000 grad(e)=0.000554
downhill: ADAGRAD 420 loss=0.003921 grad(w1)=0.000001 grad(r)=0.000224 grad(w2)=0.000000 grad(e)=0.000577
downhill: ADAGRAD 421 loss=0.003857 grad(w1)=0.000001 grad(r)=0.000204 grad(w2)=0.000000 grad(e)=0.000527
downhill: ADAGRAD 422 loss=0.003927 grad(w1)=0.000001 grad(r)=0.000221 grad(w2)=0.000000 grad(e)=0.000558
downhill: ADAGRAD 423 loss=0.003714 grad(w1)=0.000001 grad(r)=0.000210 grad(w2)=0.000000 grad(e)=0.000540
downhill: ADAGRAD 424 loss=0.003839 grad(w1)=0.000001 grad(r)=0.000210 grad(w2)=0.000000 grad(e)=0.000540
downhill: ADAGRAD 425 loss=0.003965 grad(w1)=0.000001 grad(r)=0.000214 grad(w2)=0.000000 grad(e)=0.000556
downhill: ADAGRAD 426 loss=0.003839 grad(w1)=0.000001 grad(r)=0.000208 grad(w2)=0.000000 grad(e)=0.000539
downhill: ADAGRAD 427 loss=0.003815 grad(w1)=0.000001 grad(r)=0.000205 grad(w2)=0.000000 grad(e)=0.000529
downhill: ADAGRAD 428 loss=0.003953 grad(w1)=0.000001 grad(r)=0.000220 grad(w2)=0.000000 grad(e)=0.000567
downhill: ADAGRAD 429 loss=0.003911 grad(w1)=0.000001 grad(r)=0.000219 grad(w2)=0.000000 grad(e)=0.000559
downhill: ADAGRAD 430 loss=0.003864 grad(w1)=0.000001 grad(r)=0.000214 grad(w2)=0.000000 grad(e)=0.000551
downhill: ADAGRAD 431 loss=0.003800 grad(w1)=0.000001 grad(r)=0.000208 grad(w2)=0.000000 grad(e)=0.000533
downhill: ADAGRAD 432 loss=0.003403 grad(w1)=0.000001 grad(r)=0.000200 grad(w2)=0.000000 grad(e)=0.000513
downhill: ADAGRAD 433 loss=0.003861 grad(w1)=0.000001 grad(r)=0.000209 grad(w2)=0.000000 grad(e)=0.000537
downhill: ADAGRAD 434 loss=0.003792 grad(w1)=0.000001 grad(r)=0.000209 grad(w2)=0.000000 grad(e)=0.000540
downhill: ADAGRAD 435 loss=0.003664 grad(w1)=0.000001 grad(r)=0.000214 grad(w2)=0.000000 grad(e)=0.000547
downhill: ADAGRAD 436 loss=0.003918 grad(w1)=0.000001 grad(r)=0.000211 grad(w2)=0.000000 grad(e)=0.000542
downhill: ADAGRAD 437 loss=0.003842 grad(w1)=0.000001 grad(r)=0.000203 grad(w2)=0.000000 grad(e)=0.000524
downhill: ADAGRAD 438 loss=0.003653 grad(w1)=0.000001 grad(r)=0.000215 grad(w2)=0.000000 grad(e)=0.000554
downhill: ADAGRAD 439 loss=0.003858 grad(w1)=0.000001 grad(r)=0.000214 grad(w2)=0.000000 grad(e)=0.000550
downhill: ADAGRAD 440 loss=0.003731 grad(w1)=0.000001 grad(r)=0.000205 grad(w2)=0.000000 grad(e)=0.000532
downhill: ADAGRAD 441 loss=0.003705 grad(w1)=0.000001 grad(r)=0.000209 grad(w2)=0.000000 grad(e)=0.000536
downhill: ADAGRAD 442 loss=0.003640 grad(w1)=0.000001 grad(r)=0.000211 grad(w2)=0.000000 grad(e)=0.000542
downhill: ADAGRAD 443 loss=0.003645 grad(w1)=0.000001 grad(r)=0.000209 grad(w2)=0.000000 grad(e)=0.000533
downhill: ADAGRAD 444 loss=0.003497 grad(w1)=0.000001 grad(r)=0.000200 grad(w2)=0.000000 grad(e)=0.000512
downhill: ADAGRAD 445 loss=0.003801 grad(w1)=0.000001 grad(r)=0.000211 grad(w2)=0.000000 grad(e)=0.000541
downhill: ADAGRAD 446 loss=0.003532 grad(w1)=0.000001 grad(r)=0.000201 grad(w2)=0.000000 grad(e)=0.000516
downhill: ADAGRAD 447 loss=0.003338 grad(w1)=0.000001 grad(r)=0.000193 grad(w2)=0.000000 grad(e)=0.000501
downhill: ADAGRAD 448 loss=0.003856 grad(w1)=0.000001 grad(r)=0.000208 grad(w2)=0.000000 grad(e)=0.000534
downhill: ADAGRAD 449 loss=0.003495 grad(w1)=0.000001 grad(r)=0.000196 grad(w2)=0.000000 grad(e)=0.000505
downhill: ADAGRAD 450 loss=0.003755 grad(w1)=0.000001 grad(r)=0.000206 grad(w2)=0.000000 grad(e)=0.000530
downhill: ADAGRAD 451 loss=0.003853 grad(w1)=0.000001 grad(r)=0.000208 grad(w2)=0.000000 grad(e)=0.000536
2020-08-17 00:28:29 (DTransE) [INFO] Validation metrics:
2020-08-17 00:28:29 (DTransE) [INFO] Fast MRs
2020-08-17 00:42:18 (DTransE) [INFO] Model		MR	RMR	RHit@10	Hit@10	rank	lmbda
2020-08-17 00:42:18 (DTransE) [INFO] DTransE_2L_Model	419	435	0.783	0.943	200	2.000000
downhill: ADAGRAD 452 loss=0.003746 grad(w1)=0.000001 grad(r)=0.000207 grad(w2)=0.000000 grad(e)=0.000533
downhill: ADAGRAD 453 loss=0.003620 grad(w1)=0.000001 grad(r)=0.000205 grad(w2)=0.000000 grad(e)=0.000531
downhill: ADAGRAD 454 loss=0.003556 grad(w1)=0.000001 grad(r)=0.000205 grad(w2)=0.000000 grad(e)=0.000524
downhill: ADAGRAD 455 loss=0.003757 grad(w1)=0.000001 grad(r)=0.000206 grad(w2)=0.000000 grad(e)=0.000527
downhill: ADAGRAD 456 loss=0.003565 grad(w1)=0.000001 grad(r)=0.000195 grad(w2)=0.000000 grad(e)=0.000509
downhill: ADAGRAD 457 loss=0.003806 grad(w1)=0.000001 grad(r)=0.000203 grad(w2)=0.000000 grad(e)=0.000525
downhill: ADAGRAD 458 loss=0.003579 grad(w1)=0.000001 grad(r)=0.000209 grad(w2)=0.000000 grad(e)=0.000539
downhill: ADAGRAD 459 loss=0.003684 grad(w1)=0.000001 grad(r)=0.000201 grad(w2)=0.000000 grad(e)=0.000517
downhill: ADAGRAD 460 loss=0.003639 grad(w1)=0.000001 grad(r)=0.000204 grad(w2)=0.000000 grad(e)=0.000523
downhill: ADAGRAD 461 loss=0.003503 grad(w1)=0.000001 grad(r)=0.000207 grad(w2)=0.000000 grad(e)=0.000532
downhill: ADAGRAD 462 loss=0.003573 grad(w1)=0.000001 grad(r)=0.000199 grad(w2)=0.000000 grad(e)=0.000511
downhill: ADAGRAD 463 loss=0.003577 grad(w1)=0.000001 grad(r)=0.000197 grad(w2)=0.000000 grad(e)=0.000502
downhill: ADAGRAD 464 loss=0.003810 grad(w1)=0.000001 grad(r)=0.000200 grad(w2)=0.000000 grad(e)=0.000515
downhill: ADAGRAD 465 loss=0.003785 grad(w1)=0.000001 grad(r)=0.000207 grad(w2)=0.000000 grad(e)=0.000532
downhill: ADAGRAD 466 loss=0.003494 grad(w1)=0.000001 grad(r)=0.000203 grad(w2)=0.000000 grad(e)=0.000518
downhill: ADAGRAD 467 loss=0.003529 grad(w1)=0.000001 grad(r)=0.000200 grad(w2)=0.000000 grad(e)=0.000514
downhill: ADAGRAD 468 loss=0.003654 grad(w1)=0.000001 grad(r)=0.000197 grad(w2)=0.000000 grad(e)=0.000510
downhill: ADAGRAD 469 loss=0.003706 grad(w1)=0.000001 grad(r)=0.000192 grad(w2)=0.000000 grad(e)=0.000493
downhill: ADAGRAD 470 loss=0.003489 grad(w1)=0.000001 grad(r)=0.000198 grad(w2)=0.000000 grad(e)=0.000511
downhill: ADAGRAD 471 loss=0.003841 grad(w1)=0.000001 grad(r)=0.000202 grad(w2)=0.000000 grad(e)=0.000521
downhill: ADAGRAD 472 loss=0.003673 grad(w1)=0.000001 grad(r)=0.000196 grad(w2)=0.000000 grad(e)=0.000507
downhill: ADAGRAD 473 loss=0.003492 grad(w1)=0.000001 grad(r)=0.000197 grad(w2)=0.000000 grad(e)=0.000509
downhill: ADAGRAD 474 loss=0.003734 grad(w1)=0.000001 grad(r)=0.000196 grad(w2)=0.000000 grad(e)=0.000503
downhill: ADAGRAD 475 loss=0.003619 grad(w1)=0.000001 grad(r)=0.000195 grad(w2)=0.000000 grad(e)=0.000502
downhill: ADAGRAD 476 loss=0.003472 grad(w1)=0.000001 grad(r)=0.000192 grad(w2)=0.000000 grad(e)=0.000491
downhill: ADAGRAD 477 loss=0.003749 grad(w1)=0.000001 grad(r)=0.000195 grad(w2)=0.000000 grad(e)=0.000502
downhill: ADAGRAD 478 loss=0.003596 grad(w1)=0.000001 grad(r)=0.000203 grad(w2)=0.000000 grad(e)=0.000517
downhill: ADAGRAD 479 loss=0.003690 grad(w1)=0.000001 grad(r)=0.000195 grad(w2)=0.000000 grad(e)=0.000501
downhill: ADAGRAD 480 loss=0.003748 grad(w1)=0.000001 grad(r)=0.000199 grad(w2)=0.000000 grad(e)=0.000508
downhill: ADAGRAD 481 loss=0.003731 grad(w1)=0.000001 grad(r)=0.000191 grad(w2)=0.000000 grad(e)=0.000490
downhill: ADAGRAD 482 loss=0.003535 grad(w1)=0.000001 grad(r)=0.000196 grad(w2)=0.000000 grad(e)=0.000504
downhill: ADAGRAD 483 loss=0.003502 grad(w1)=0.000001 grad(r)=0.000190 grad(w2)=0.000000 grad(e)=0.000490
downhill: ADAGRAD 484 loss=0.003633 grad(w1)=0.000001 grad(r)=0.000191 grad(w2)=0.000000 grad(e)=0.000492
downhill: ADAGRAD 485 loss=0.003687 grad(w1)=0.000001 grad(r)=0.000189 grad(w2)=0.000000 grad(e)=0.000490
downhill: ADAGRAD 486 loss=0.003710 grad(w1)=0.000001 grad(r)=0.000194 grad(w2)=0.000000 grad(e)=0.000507
downhill: ADAGRAD 487 loss=0.003493 grad(w1)=0.000001 grad(r)=0.000194 grad(w2)=0.000000 grad(e)=0.000494
downhill: ADAGRAD 488 loss=0.003364 grad(w1)=0.000001 grad(r)=0.000195 grad(w2)=0.000000 grad(e)=0.000500
downhill: ADAGRAD 489 loss=0.003262 grad(w1)=0.000001 grad(r)=0.000187 grad(w2)=0.000000 grad(e)=0.000481
downhill: ADAGRAD 490 loss=0.003399 grad(w1)=0.000001 grad(r)=0.000188 grad(w2)=0.000000 grad(e)=0.000485
downhill: ADAGRAD 491 loss=0.003238 grad(w1)=0.000001 grad(r)=0.000188 grad(w2)=0.000000 grad(e)=0.000481
downhill: ADAGRAD 492 loss=0.003628 grad(w1)=0.000001 grad(r)=0.000194 grad(w2)=0.000000 grad(e)=0.000498
downhill: ADAGRAD 493 loss=0.003844 grad(w1)=0.000001 grad(r)=0.000195 grad(w2)=0.000000 grad(e)=0.000500
downhill: ADAGRAD 494 loss=0.003580 grad(w1)=0.000001 grad(r)=0.000193 grad(w2)=0.000000 grad(e)=0.000496
downhill: ADAGRAD 495 loss=0.003612 grad(w1)=0.000001 grad(r)=0.000190 grad(w2)=0.000000 grad(e)=0.000493
downhill: ADAGRAD 496 loss=0.003581 grad(w1)=0.000001 grad(r)=0.000190 grad(w2)=0.000000 grad(e)=0.000489
downhill: ADAGRAD 497 loss=0.003341 grad(w1)=0.000001 grad(r)=0.000184 grad(w2)=0.000000 grad(e)=0.000474
downhill: ADAGRAD 498 loss=0.003582 grad(w1)=0.000001 grad(r)=0.000194 grad(w2)=0.000000 grad(e)=0.000502
downhill: ADAGRAD 499 loss=0.003769 grad(w1)=0.000001 grad(r)=0.000199 grad(w2)=0.000000 grad(e)=0.000513
downhill: ADAGRAD 500 loss=0.003488 grad(w1)=0.000001 grad(r)=0.000187 grad(w2)=0.000000 grad(e)=0.000480
downhill: ADAGRAD 501 loss=0.003616 grad(w1)=0.000001 grad(r)=0.000192 grad(w2)=0.000000 grad(e)=0.000495
2020-08-17 00:47:41 (DTransE) [INFO] Validation metrics:
2020-08-17 00:47:41 (DTransE) [INFO] Fast MRs
2020-08-17 01:02:00 (DTransE) [INFO] Model		MR	RMR	RHit@10	Hit@10	rank	lmbda
2020-08-17 01:02:00 (DTransE) [INFO] DTransE_2L_Model	420	436	0.784	0.942	200	2.000000
2020-08-17 01:02:00 (DTransE) [INFO] Validation filtered MR increased, stopping here.
2020-08-17 01:02:00 (DTransE) [INFO] Fast MRs
2020-08-17 01:16:17 (DTransE) [INFO] Fast MRs
2020-08-17 01:29:33 (DTransE) [INFO] Grid search finished
2020-08-17 01:29:33 (DTransE) [INFO] Validation metrics:
2020-08-17 01:29:33 (DTransE) [INFO] Model		MR	RMR	RHit@10	Hit@10	rank	lmbda
2020-08-17 01:29:33 (DTransE) [INFO] DTransE_2L_Model	420	436	0.784	0.942	200	2.000000
2020-08-17 01:29:33 (DTransE) [INFO] Corresponding Test metrics:
2020-08-17 01:29:33 (DTransE) [INFO] DTransE_2L_Model	379	394	0.788	0.945	200	2.000000
2020-08-17 01:29:33 (DTransE) [INFO] Validation metrics:
2020-08-17 01:29:33 (DTransE) [INFO] Model		MR	RMR	RHit@10	Hit@10	rank	lmbda
2020-08-17 01:29:33 (DTransE) [INFO] DTransE_2L_Model	420	436	0.784	0.942	200	2.000000
2020-08-17 01:29:33 (DTransE) [INFO] Corresponding per relation Test metrics:
2020-08-17 01:29:33 (DTransE) [INFO] _hyponym
2020-08-17 01:29:33 (DTransE) [INFO] DTransE_2L_Model	483	497	0.762	0.949	200	2.000000
2020-08-17 01:29:33 (DTransE) [INFO] _hypernym
2020-08-17 01:29:33 (DTransE) [INFO] DTransE_2L_Model	460	477	0.752	0.954	200	2.000000
2020-08-17 01:29:33 (DTransE) [INFO] _member_holonym
2020-08-17 01:29:33 (DTransE) [INFO] DTransE_2L_Model	93	98	0.827	0.944	200	2.000000
2020-08-17 01:29:33 (DTransE) [INFO] _derivationally_related_form
2020-08-17 01:29:33 (DTransE) [INFO] DTransE_2L_Model	302	303	0.919	0.947	200	2.000000
2020-08-17 01:29:33 (DTransE) [INFO] _instance_hypernym
2020-08-17 01:29:33 (DTransE) [INFO] DTransE_2L_Model	33	97	0.615	0.918	200	2.000000
2020-08-17 01:29:33 (DTransE) [INFO] _also_see
2020-08-17 01:29:33 (DTransE) [INFO] DTransE_2L_Model	2170	2171	0.723	0.732	200	2.000000
2020-08-17 01:29:33 (DTransE) [INFO] _member_meronym
2020-08-17 01:29:33 (DTransE) [INFO] DTransE_2L_Model	243	248	0.820	0.933	200	2.000000
2020-08-17 01:29:33 (DTransE) [INFO] _member_of_domain_topic
2020-08-17 01:29:33 (DTransE) [INFO] DTransE_2L_Model	196	233	0.626	0.950	200	2.000000
2020-08-17 01:29:33 (DTransE) [INFO] _part_of
2020-08-17 01:29:33 (DTransE) [INFO] DTransE_2L_Model	287	290	0.812	0.939	200	2.000000
2020-08-17 01:29:33 (DTransE) [INFO] _instance_hyponym
2020-08-17 01:29:33 (DTransE) [INFO] DTransE_2L_Model	7	66	0.639	0.963	200	2.000000
2020-08-17 01:29:33 (DTransE) [INFO] _synset_domain_topic_of
2020-08-17 01:29:33 (DTransE) [INFO] DTransE_2L_Model	304	345	0.579	0.943	200	2.000000
2020-08-17 01:29:33 (DTransE) [INFO] _has_part
2020-08-17 01:29:33 (DTransE) [INFO] DTransE_2L_Model	157	161	0.846	0.945	200	2.000000
2020-08-17 01:29:33 (DTransE) [INFO] _member_of_domain_usage
2020-08-17 01:29:33 (DTransE) [INFO] DTransE_2L_Model	493	550	0.542	0.958	200	2.000000
2020-08-17 01:29:33 (DTransE) [INFO] _member_of_domain_region
2020-08-17 01:29:33 (DTransE) [INFO] DTransE_2L_Model	1687	1822	0.558	0.885	200	2.000000
2020-08-17 01:29:33 (DTransE) [INFO] _synset_domain_usage_of
2020-08-17 01:29:33 (DTransE) [INFO] DTransE_2L_Model	1	61	0.536	1.000	200	2.000000
2020-08-17 01:29:33 (DTransE) [INFO] _synset_domain_region_of
2020-08-17 01:29:33 (DTransE) [INFO] DTransE_2L_Model	838	958	0.595	0.905	200	2.000000
2020-08-17 01:29:33 (DTransE) [INFO] _verb_group
2020-08-17 01:29:33 (DTransE) [INFO] DTransE_2L_Model	192	193	0.962	0.962	200	2.000000
2020-08-17 01:29:33 (DTransE) [INFO] _similar_to
2020-08-17 01:29:33 (DTransE) [INFO] DTransE_2L_Model	3	4	1.000	1.000	200	2.000000
